01/08/2017 12:39:27 AM MainThread INFO: * Running on http://0.0.0.0:5000/ (Press CTRL+C to quit)
01/08/2017 12:39:34 AM MainThread INFO:127.0.0.1 - - [08/Jan/2017 00:39:34] "GET / HTTP/1.1" 200 -
01/08/2017 12:39:34 AM MainThread INFO:Get state [0, 0, 0]
01/08/2017 12:39:34 AM MainThread INFO:Get state [0, 0, 0]
01/08/2017 12:39:34 AM MainThread INFO:Get state [0, 0, 0]
01/08/2017 12:39:34 AM MainThread INFO:127.0.0.1 - - [08/Jan/2017 00:39:34] "GET /get/current_state HTTP/1.1" 200 -
01/08/2017 12:39:36 AM MainThread INFO:Get state [0, 0, 0]
01/08/2017 12:39:36 AM MainThread INFO:Get state [0, 0, 0]
01/08/2017 12:39:36 AM MainThread INFO:Get state [0, 0, 0]
01/08/2017 12:39:36 AM MainThread INFO:127.0.0.1 - - [08/Jan/2017 00:39:36] "GET /get/current_state HTTP/1.1" 200 -
01/08/2017 12:39:37 AM MainThread INFO:lamp mode enabled
01/08/2017 12:39:37 AM MainThread INFO:Fade from [0, 0, 0] to [189, 189, 189] over 10 steps
01/08/2017 12:39:37 AM MainThread INFO:LED state [0, 0, 0]
01/08/2017 12:39:37 AM MainThread INFO:LED state [18, 18, 18]
01/08/2017 12:39:37 AM MainThread INFO:LED state [37, 37, 37]
01/08/2017 12:39:38 AM MainThread INFO:LED state [56, 56, 56]
01/08/2017 12:39:38 AM MainThread INFO:LED state [75, 75, 75]
01/08/2017 12:39:38 AM MainThread INFO:LED state [94, 94, 94]
01/08/2017 12:39:38 AM MainThread INFO:LED state [113, 113, 113]
01/08/2017 12:39:38 AM MainThread INFO:LED state [132, 132, 132]
01/08/2017 12:39:38 AM MainThread INFO:LED state [151, 151, 151]
01/08/2017 12:39:38 AM MainThread INFO:LED state [170, 170, 170]
01/08/2017 12:39:38 AM MainThread INFO:LED state [189, 189, 189]
01/08/2017 12:39:38 AM MainThread INFO:127.0.0.1 - - [08/Jan/2017 00:39:38] "GET /mode/lamp/bdbdbd HTTP/1.1" 200 -
01/08/2017 12:39:39 AM MainThread INFO:lamp mode enabled
01/08/2017 12:39:39 AM MainThread INFO:Fade from [189, 189, 189] to [189, 131, 106] over 10 steps
01/08/2017 12:39:39 AM MainThread INFO:LED state [189, 189, 189]
01/08/2017 12:39:39 AM MainThread INFO:LED state [189, 184, 181]
01/08/2017 12:39:39 AM MainThread INFO:LED state [189, 178, 173]
01/08/2017 12:39:39 AM MainThread INFO:LED state [189, 172, 165]
01/08/2017 12:39:39 AM MainThread INFO:LED state [189, 166, 156]
01/08/2017 12:39:39 AM MainThread INFO:LED state [189, 160, 148]
01/08/2017 12:39:39 AM MainThread INFO:LED state [189, 155, 140]
01/08/2017 12:39:39 AM MainThread INFO:LED state [189, 149, 131]
01/08/2017 12:39:40 AM MainThread INFO:LED state [189, 143, 123]
01/08/2017 12:39:40 AM MainThread INFO:LED state [189, 137, 115]
01/08/2017 12:39:40 AM MainThread INFO:LED state [189, 131, 106]
01/08/2017 12:39:40 AM MainThread INFO:127.0.0.1 - - [08/Jan/2017 00:39:40] "GET /mode/lamp/bd836a HTTP/1.1" 200 -
01/08/2017 12:39:42 AM MainThread INFO:Get state [189, 131, 106]
01/08/2017 12:39:42 AM MainThread INFO:Get state [189, 131, 106]
01/08/2017 12:39:42 AM MainThread INFO:Get state [189, 131, 106]
01/08/2017 12:39:42 AM MainThread INFO:127.0.0.1 - - [08/Jan/2017 00:39:42] "GET /get/current_state HTTP/1.1" 200 -
01/08/2017 12:39:45 AM MainThread INFO:mood mode enabled
01/08/2017 12:39:45 AM MainThread INFO:Desired color is [162, 189, 76]
01/08/2017 12:39:45 AM MainThread INFO:127.0.0.1 - - [08/Jan/2017 00:39:45] "GET /mode/mood/a2bd4c HTTP/1.1" 200 -
01/08/2017 12:39:55 AM MainThread INFO:mood mode enabled
01/08/2017 12:39:55 AM MainThread INFO:Desired color is [74, 122, 189]
01/08/2017 12:39:55 AM MainThread INFO:127.0.0.1 - - [08/Jan/2017 00:39:55] "GET /mode/mood/4a7abd HTTP/1.1" 200 -
01/08/2017 12:39:57 AM background loop DEBUG:mood mode enabled
01/08/2017 12:39:57 AM background loop INFO:Fade from [189, 131, 106] to [74, 122, 189] over 10 steps
01/08/2017 12:39:57 AM background loop INFO:LED state [189, 131, 106]
01/08/2017 12:39:57 AM background loop INFO:LED state [178, 131, 114]
01/08/2017 12:39:57 AM background loop INFO:LED state [166, 130, 122]
01/08/2017 12:39:57 AM background loop INFO:LED state [155, 129, 130]
01/08/2017 12:39:58 AM background loop INFO:LED state [143, 128, 139]
01/08/2017 12:39:58 AM background loop INFO:LED state [132, 127, 147]
01/08/2017 12:39:58 AM background loop INFO:LED state [120, 126, 155]
01/08/2017 12:39:58 AM background loop INFO:LED state [109, 125, 164]
01/08/2017 12:39:58 AM background loop INFO:LED state [97, 124, 172]
01/08/2017 12:39:58 AM background loop INFO:LED state [86, 123, 180]
01/08/2017 12:39:58 AM background loop INFO:LED state [74, 122, 189]
01/08/2017 12:40:01 AM MainThread INFO:Get state [74, 122, 189]
01/08/2017 12:40:01 AM MainThread INFO:Get state [74, 122, 189]
01/08/2017 12:40:01 AM MainThread INFO:Get state [74, 122, 189]
01/08/2017 12:40:01 AM MainThread INFO:127.0.0.1 - - [08/Jan/2017 00:40:01] "GET /get/current_state HTTP/1.1" 200 -
01/08/2017 12:40:01 AM MainThread INFO:LED state [0, 0, 0]
01/08/2017 12:40:01 AM MainThread INFO:Turn off system
01/08/2017 12:40:08 AM background loop INFO:Fade from [0, 0, 0] to [0, 0, 0] over 10 steps
